Arguments: 
  C:\Program Files\nodejs\node.exe C:\Program Files\nodejs\node_modules\yarn\bin\yarn.js add --dev hardhad

PATH: 
  C:\Program Files (x86)\Razer Chroma SDK\bin;C:\Program Files\Razer Chroma SDK\bin;C:\Program Files (x86)\Razer\ChromaBroadcast\bin;C:\Program Files\Razer\ChromaBroadcast\bin;C:\Program Files\Common Files\Oracle\Java\javapath;C:\Program Files (x86)\Common Files\Oracle\Java\javapath;C:\Windows\system32;C:\Windows;C:\Windows\System32\Wbem;C:\Windows\System32\WindowsPowerShell\v1.0\;C:\Windows\System32\OpenSSH\;C:\Program Files (x86)\NVIDIA Corporation\PhysX\Common;C:\Program Files\NVIDIA Corporation\NVIDIA NvDLISR;C:\Program Files\dotnet\;C:\Program Files\Microsoft VS Code\bin;C:\Users\adirm\AppData\Roaming\nvm;C:\Program Files\nodejs;C:\Users\adirm\AppData\Local\Android\Sdk\cmdline-tools\latest\bin;C:\Users\adirm\AppData\Local\Android\Sdk\platform-tools;C:\Users\adirm\AppData\Local\Android\Sdk\emulator;C:\Users\adirm\AppData\Local\Android\Sdk\build-tools;C:\Users\adirm\AppData\Local\Android\Sdk\tools\bin;C:\Program Files\Microsoft SQL Server\150\Tools\Binn\;C:\Program Files\Microsoft SQL Server\Client SDK\ODBC\170\Tools\Binn\;C:\Program Files\Git\cmd;C:\Program Files\Azure Data Studio\bin;C:\Program Files (x86)\Microsoft SQL Server\150\DTS\Binn\;C:\Program Files (x86)\Microsoft SQL Server\150\Tools\Binn\;C:\Program Files\Microsoft SQL Server\150\DTS\Binn\;C:\Program Files\Docker\Docker\resources\bin;C:\ProgramData\DockerDesktop\version-bin;C:\Program Files\GitHub CLI\;C:\Windows\system32\config\systemprofile\AppData\Local\Microsoft\WindowsApps;C:\Program Files\Microsoft SQL Server\130\Tools\Binn\;C:\ProgramData\chocolatey\bin;C:\Program Files (x86)\BaseX\bin;C:\Program Files\Go\bin;C:\sqlite;;%SystemRoot%\system32;%SystemRoot%;%SystemRoot%\System32\Wbem;%SYSTEMROOT%\System32\WindowsPowerShell\v1.0\;%SYSTEMROOT%\System32\OpenSSH\;C:\Ruby31-x64\bin;C:\Users\adirm\AppData\Local\Programs\Python\Python311\Scripts\;C:\Users\adirm\AppData\Local\Programs\Python\Python311\;C:\Users\adirm\AppData\Local\Microsoft\WindowsApps;C:\Users\adirm\AppData\Roaming\nvm;C:\Program Files\nodejs;C:\Program Files (x86)\Nmap;C:\Users\adirm\.dotnet\tools;C:\Users\adirm\AppData\Local\GitHubDesktop\bin;C:\Program Files\Azure Data Studio\bin;C:\Program Files\heroku\bin;C:\Users\adirm\AppData\Local\JetBrains\Toolbox\scripts;C:\Users\adirm\go\bin;C:\Users\adirm\AppData\Local\Programs\MiKTeX\miktex\bin\x64\;C:\Users\adirm\AppData\Local\Microsoft\WindowsApps;C:\php;C:\MinGW\bin;

Yarn version: 
  1.22.19

Node version: 
  18.16.0

Platform: 
  win32 x64

Trace: 
  Error: https://registry.yarnpkg.com/hardhad: Not found
      at params.callback [as _callback] (C:\Users\adirm\AppData\Roaming\nvm\v18.16.0\node_modules\yarn\lib\cli.js:66145:18)
      at self.callback (C:\Users\adirm\AppData\Roaming\nvm\v18.16.0\node_modules\yarn\lib\cli.js:140890:22)
      at Request.emit (node:events:513:28)
      at Request.<anonymous> (C:\Users\adirm\AppData\Roaming\nvm\v18.16.0\node_modules\yarn\lib\cli.js:141862:10)
      at Request.emit (node:events:513:28)
      at IncomingMessage.<anonymous> (C:\Users\adirm\AppData\Roaming\nvm\v18.16.0\node_modules\yarn\lib\cli.js:141784:12)
      at Object.onceWrapper (node:events:627:28)
      at IncomingMessage.emit (node:events:525:35)
      at endReadableNT (node:internal/streams/readable:1359:12)
      at process.processTicksAndRejections (node:internal/process/task_queues:82:21)

npm manifest: 
  {
    "name": "mychain",
    "version": "1.0.0",
    "main": "index.js",
    "license": "MIT"
  }

yarn manifest: 
  No manifest

Lockfile: 
  No lockfile
